{"/Users/andrew/Development/hue/backend/services/colorService.js": {"path":"/Users/andrew/Development/hue/backend/services/colorService.js","statementMap":{"0":{"start":{"line":12,"column":4},"end":{"line":12,"column":null}},"1":{"start":{"line":19,"column":4},"end":{"line":19,"column":null}},"2":{"start":{"line":26,"column":4},"end":{"line":26,"column":null}},"3":{"start":{"line":33,"column":4},"end":{"line":33,"column":null}},"4":{"start":{"line":43,"column":22},"end":{"line":43,"column":26}},"5":{"start":{"line":44,"column":4},"end":{"line":50,"column":null}},"6":{"start":{"line":45,"column":6},"end":{"line":45,"column":null}},"7":{"start":{"line":46,"column":11},"end":{"line":50,"column":null}},"8":{"start":{"line":47,"column":6},"end":{"line":47,"column":null}},"9":{"start":{"line":48,"column":11},"end":{"line":50,"column":null}},"10":{"start":{"line":49,"column":6},"end":{"line":49,"column":null}},"11":{"start":{"line":53,"column":18},"end":{"line":53,"column":43}},"12":{"start":{"line":56,"column":19},"end":{"line":56,"column":52}},"13":{"start":{"line":59,"column":4},"end":{"line":69,"column":null}},"14":{"start":{"line":78,"column":4},"end":{"line":78,"column":null}},"15":{"start":{"line":78,"column":31},"end":{"line":78,"column":54}}},"fnMap":{"0":{"name":"(anonymous_0)","decl":{"start":{"line":11,"column":2},"end":{"line":11,"column":9}},"loc":{"start":{"line":11,"column":34},"end":{"line":13,"column":null}},"line":11},"1":{"name":"(anonymous_1)","decl":{"start":{"line":18,"column":2},"end":{"line":18,"column":12}},"loc":{"start":{"line":18,"column":38},"end":{"line":20,"column":null}},"line":18},"2":{"name":"(anonymous_2)","decl":{"start":{"line":25,"column":2},"end":{"line":25,"column":15}},"loc":{"start":{"line":25,"column":23},"end":{"line":27,"column":null}},"line":25},"3":{"name":"(anonymous_3)","decl":{"start":{"line":32,"column":2},"end":{"line":32,"column":16}},"loc":{"start":{"line":32,"column":36},"end":{"line":34,"column":null}},"line":32},"4":{"name":"(anonymous_4)","decl":{"start":{"line":41,"column":2},"end":{"line":41,"column":13}},"loc":{"start":{"line":41,"column":21},"end":{"line":70,"column":null}},"line":41},"5":{"name":"(anonymous_5)","decl":{"start":{"line":77,"column":2},"end":{"line":77,"column":14}},"loc":{"start":{"line":77,"column":23},"end":{"line":79,"column":null}},"line":77},"6":{"name":"(anonymous_6)","decl":{"start":{"line":78,"column":22},"end":{"line":78,"column":27}},"loc":{"start":{"line":78,"column":31},"end":{"line":78,"column":54}},"line":78}},"branchMap":{"0":{"loc":{"start":{"line":11,"column":16},"end":{"line":11,"column":32}},"type":"default-arg","locations":[{"start":{"line":11,"column":29},"end":{"line":11,"column":32}}],"line":11},"1":{"loc":{"start":{"line":18,"column":20},"end":{"line":18,"column":36}},"type":"default-arg","locations":[{"start":{"line":18,"column":33},"end":{"line":18,"column":36}}],"line":18},"2":{"loc":{"start":{"line":44,"column":4},"end":{"line":50,"column":null}},"type":"if","locations":[{"start":{"line":44,"column":4},"end":{"line":50,"column":null}},{"start":{"line":46,"column":11},"end":{"line":50,"column":null}}],"line":44},"3":{"loc":{"start":{"line":46,"column":11},"end":{"line":50,"column":null}},"type":"if","locations":[{"start":{"line":46,"column":11},"end":{"line":50,"column":null}},{"start":{"line":48,"column":11},"end":{"line":50,"column":null}}],"line":46},"4":{"loc":{"start":{"line":48,"column":11},"end":{"line":50,"column":null}},"type":"if","locations":[{"start":{"line":48,"column":11},"end":{"line":50,"column":null}},{"start":{},"end":{}}],"line":48},"5":{"loc":{"start":{"line":61,"column":12},"end":{"line":61,"column":45}},"type":"binary-expr","locations":[{"start":{"line":61,"column":12},"end":{"line":61,"column":32}},{"start":{"line":61,"column":36},"end":{"line":61,"column":45}}],"line":61},"6":{"loc":{"start":{"line":62,"column":10},"end":{"line":62,"column":31}},"type":"binary-expr","locations":[{"start":{"line":62,"column":10},"end":{"line":62,"column":22}},{"start":{"line":62,"column":26},"end":{"line":62,"column":31}}],"line":62},"7":{"loc":{"start":{"line":63,"column":18},"end":{"line":63,"column":48}},"type":"binary-expr","locations":[{"start":{"line":63,"column":18},"end":{"line":63,"column":43}},{"start":{"line":63,"column":47},"end":{"line":63,"column":48}}],"line":63}},"s":{"0":0,"1":0,"2":16,"3":16,"4":16,"5":16,"6":6,"7":10,"8":1,"9":9,"10":6,"11":16,"12":16,"13":16,"14":3,"15":5},"f":{"0":0,"1":0,"2":16,"3":16,"4":16,"5":3,"6":5},"b":{"0":[0],"1":[0],"2":[6,10],"3":[1,9],"4":[6,3],"5":[16,4],"6":[16,1],"7":[16,4]},"meta":{"lastBranch":8,"lastFunction":7,"lastStatement":16,"seen":{"f:11:2:11:9":0,"b:11:29:11:32":0,"s:12:4:12:Infinity":0,"f:18:2:18:12":1,"b:18:33:18:36":1,"s:19:4:19:Infinity":1,"f:25:2:25:15":2,"s:26:4:26:Infinity":2,"f:32:2:32:16":3,"s:33:4:33:Infinity":3,"f:41:2:41:13":4,"s:43:22:43:26":4,"b:44:4:50:Infinity:46:11:50:Infinity":2,"s:44:4:50:Infinity":5,"s:45:6:45:Infinity":6,"b:46:11:50:Infinity:48:11:50:Infinity":3,"s:46:11:50:Infinity":7,"s:47:6:47:Infinity":8,"b:48:11:50:Infinity:undefined:undefined:undefined:undefined":4,"s:48:11:50:Infinity":9,"s:49:6:49:Infinity":10,"s:53:18:53:43":11,"s:56:19:56:52":12,"s:59:4:69:Infinity":13,"b:61:12:61:32:61:36:61:45":5,"b:62:10:62:22:62:26:62:31":6,"b:63:18:63:43:63:47:63:48":7,"f:77:2:77:14":5,"s:78:4:78:Infinity":14,"f:78:22:78:27":6,"s:78:31:78:54":15}}}
,"/Users/andrew/Development/hue/backend/services/hueClient.js": {"path":"/Users/andrew/Development/hue/backend/services/hueClient.js","statementMap":{"0":{"start":{"line":11,"column":4},"end":{"line":13,"column":null}},"1":{"start":{"line":21,"column":16},"end":{"line":21,"column":44}},"2":{"start":{"line":23,"column":19},"end":{"line":32,"column":5}},"3":{"start":{"line":31,"column":28},"end":{"line":31,"column":32}},"4":{"start":{"line":34,"column":4},"end":{"line":36,"column":null}},"5":{"start":{"line":35,"column":6},"end":{"line":35,"column":null}},"6":{"start":{"line":38,"column":4},"end":{"line":61,"column":null}},"7":{"start":{"line":39,"column":23},"end":{"line":39,"column":42}},"8":{"start":{"line":42,"column":6},"end":{"line":44,"column":null}},"9":{"start":{"line":43,"column":8},"end":{"line":43,"column":null}},"10":{"start":{"line":47,"column":6},"end":{"line":50,"column":null}},"11":{"start":{"line":48,"column":22},"end":{"line":48,"column":45}},"12":{"start":{"line":49,"column":8},"end":{"line":49,"column":null}},"13":{"start":{"line":52,"column":6},"end":{"line":52,"column":null}},"14":{"start":{"line":54,"column":6},"end":{"line":56,"column":null}},"15":{"start":{"line":55,"column":8},"end":{"line":55,"column":null}},"16":{"start":{"line":57,"column":6},"end":{"line":59,"column":null}},"17":{"start":{"line":58,"column":8},"end":{"line":58,"column":null}},"18":{"start":{"line":60,"column":6},"end":{"line":60,"column":null}},"19":{"start":{"line":68,"column":4},"end":{"line":68,"column":null}},"20":{"start":{"line":75,"column":4},"end":{"line":75,"column":null}},"21":{"start":{"line":82,"column":4},"end":{"line":82,"column":null}},"22":{"start":{"line":89,"column":4},"end":{"line":89,"column":null}},"23":{"start":{"line":96,"column":4},"end":{"line":96,"column":null}},"24":{"start":{"line":103,"column":4},"end":{"line":103,"column":null}},"25":{"start":{"line":110,"column":4},"end":{"line":112,"column":null}},"26":{"start":{"line":119,"column":21},"end":{"line":121,"column":5}},"27":{"start":{"line":120,"column":6},"end":{"line":120,"column":null}},"28":{"start":{"line":122,"column":4},"end":{"line":122,"column":null}}},"fnMap":{"0":{"name":"(anonymous_0)","decl":{"start":{"line":9,"column":2},"end":{"line":9,"column":13}},"loc":{"start":{"line":9,"column":16},"end":{"line":14,"column":null}},"line":9},"1":{"name":"(anonymous_1)","decl":{"start":{"line":20,"column":8},"end":{"line":20,"column":16}},"loc":{"start":{"line":20,"column":64},"end":{"line":62,"column":null}},"line":20},"2":{"name":"(anonymous_2)","decl":{"start":{"line":31,"column":22},"end":{"line":31,"column":23}},"loc":{"start":{"line":31,"column":28},"end":{"line":31,"column":32}},"line":31},"3":{"name":"(anonymous_3)","decl":{"start":{"line":67,"column":8},"end":{"line":67,"column":17}},"loc":{"start":{"line":67,"column":38},"end":{"line":69,"column":null}},"line":67},"4":{"name":"(anonymous_4)","decl":{"start":{"line":74,"column":8},"end":{"line":74,"column":16}},"loc":{"start":{"line":74,"column":37},"end":{"line":76,"column":null}},"line":74},"5":{"name":"(anonymous_5)","decl":{"start":{"line":81,"column":8},"end":{"line":81,"column":18}},"loc":{"start":{"line":81,"column":39},"end":{"line":83,"column":null}},"line":81},"6":{"name":"(anonymous_6)","decl":{"start":{"line":88,"column":8},"end":{"line":88,"column":17}},"loc":{"start":{"line":88,"column":38},"end":{"line":90,"column":null}},"line":88},"7":{"name":"(anonymous_7)","decl":{"start":{"line":95,"column":8},"end":{"line":95,"column":19}},"loc":{"start":{"line":95,"column":54},"end":{"line":97,"column":null}},"line":95},"8":{"name":"(anonymous_8)","decl":{"start":{"line":102,"column":8},"end":{"line":102,"column":19}},"loc":{"start":{"line":102,"column":56},"end":{"line":104,"column":null}},"line":102},"9":{"name":"(anonymous_9)","decl":{"start":{"line":109,"column":8},"end":{"line":109,"column":21}},"loc":{"start":{"line":109,"column":51},"end":{"line":113,"column":null}},"line":109},"10":{"name":"(anonymous_10)","decl":{"start":{"line":118,"column":8},"end":{"line":118,"column":20}},"loc":{"start":{"line":118,"column":55},"end":{"line":123,"column":null}},"line":118},"11":{"name":"(anonymous_11)","decl":{"start":{"line":119,"column":38},"end":{"line":119,"column":39}},"loc":{"start":{"line":120,"column":6},"end":{"line":120,"column":null}},"line":120}},"branchMap":{"0":{"loc":{"start":{"line":20,"column":51},"end":{"line":20,"column":62}},"type":"default-arg","locations":[{"start":{"line":20,"column":58},"end":{"line":20,"column":62}}],"line":20},"1":{"loc":{"start":{"line":34,"column":4},"end":{"line":36,"column":null}},"type":"if","locations":[{"start":{"line":34,"column":4},"end":{"line":36,"column":null}},{"start":{},"end":{}}],"line":34},"2":{"loc":{"start":{"line":34,"column":8},"end":{"line":34,"column":32}},"type":"binary-expr","locations":[{"start":{"line":34,"column":8},"end":{"line":34,"column":12}},{"start":{"line":34,"column":16},"end":{"line":34,"column":32}}],"line":34},"3":{"loc":{"start":{"line":42,"column":6},"end":{"line":44,"column":null}},"type":"if","locations":[{"start":{"line":42,"column":6},"end":{"line":44,"column":null}},{"start":{},"end":{}}],"line":42},"4":{"loc":{"start":{"line":47,"column":6},"end":{"line":50,"column":null}},"type":"if","locations":[{"start":{"line":47,"column":6},"end":{"line":50,"column":null}},{"start":{},"end":{}}],"line":47},"5":{"loc":{"start":{"line":47,"column":10},"end":{"line":47,"column":66}},"type":"binary-expr","locations":[{"start":{"line":47,"column":10},"end":{"line":47,"column":31}},{"start":{"line":47,"column":35},"end":{"line":47,"column":66}}],"line":47},"6":{"loc":{"start":{"line":49,"column":42},"end":{"line":49,"column":84}},"type":"binary-expr","locations":[{"start":{"line":49,"column":42},"end":{"line":49,"column":59}},{"start":{"line":49,"column":63},"end":{"line":49,"column":84}}],"line":49},"7":{"loc":{"start":{"line":54,"column":6},"end":{"line":56,"column":null}},"type":"if","locations":[{"start":{"line":54,"column":6},"end":{"line":56,"column":null}},{"start":{},"end":{}}],"line":54},"8":{"loc":{"start":{"line":57,"column":6},"end":{"line":59,"column":null}},"type":"if","locations":[{"start":{"line":57,"column":6},"end":{"line":59,"column":null}},{"start":{},"end":{}}],"line":57}},"s":{"0":1,"1":0,"2":0,"3":0,"4":0,"5":0,"6":0,"7":0,"8":0,"9":0,"10":0,"11":0,"12":0,"13":0,"14":0,"15":0,"16":0,"17":0,"18":0,"19":0,"20":0,"21":0,"22":0,"23":0,"24":0,"25":0,"26":0,"27":0,"28":0},"f":{"0":1,"1":0,"2":0,"3":0,"4":0,"5":0,"6":0,"7":0,"8":0,"9":0,"10":0,"11":0},"b":{"0":[0],"1":[0,0],"2":[0,0],"3":[0,0],"4":[0,0],"5":[0,0],"6":[0,0],"7":[0,0],"8":[0,0]},"meta":{"lastBranch":9,"lastFunction":12,"lastStatement":29,"seen":{"f:9:2:9:13":0,"s:11:4:13:Infinity":0,"f:20:8:20:16":1,"b:20:58:20:62":0,"s:21:16:21:44":1,"s:23:19:32:5":2,"f:31:22:31:23":2,"s:31:28:31:32":3,"b:34:4:36:Infinity:undefined:undefined:undefined:undefined":1,"s:34:4:36:Infinity":4,"b:34:8:34:12:34:16:34:32":2,"s:35:6:35:Infinity":5,"s:38:4:61:Infinity":6,"s:39:23:39:42":7,"b:42:6:44:Infinity:undefined:undefined:undefined:undefined":3,"s:42:6:44:Infinity":8,"s:43:8:43:Infinity":9,"b:47:6:50:Infinity:undefined:undefined:undefined:undefined":4,"s:47:6:50:Infinity":10,"b:47:10:47:31:47:35:47:66":5,"s:48:22:48:45":11,"s:49:8:49:Infinity":12,"b:49:42:49:59:49:63:49:84":6,"s:52:6:52:Infinity":13,"b:54:6:56:Infinity:undefined:undefined:undefined:undefined":7,"s:54:6:56:Infinity":14,"s:55:8:55:Infinity":15,"b:57:6:59:Infinity:undefined:undefined:undefined:undefined":8,"s:57:6:59:Infinity":16,"s:58:8:58:Infinity":17,"s:60:6:60:Infinity":18,"f:67:8:67:17":3,"s:68:4:68:Infinity":19,"f:74:8:74:16":4,"s:75:4:75:Infinity":20,"f:81:8:81:18":5,"s:82:4:82:Infinity":21,"f:88:8:88:17":6,"s:89:4:89:Infinity":22,"f:95:8:95:19":7,"s:96:4:96:Infinity":23,"f:102:8:102:19":8,"s:103:4:103:Infinity":24,"f:109:8:109:21":9,"s:110:4:112:Infinity":25,"f:118:8:118:20":10,"s:119:21:121:5":26,"f:119:38:119:39":11,"s:120:6:120:Infinity":27,"s:122:4:122:Infinity":28}}}
,"/Users/andrew/Development/hue/backend/services/motionService.js": {"path":"/Users/andrew/Development/hue/backend/services/motionService.js","statementMap":{"0":{"start":{"line":15,"column":4},"end":{"line":15,"column":null}},"1":{"start":{"line":15,"column":56},"end":{"line":15,"column":null}},"2":{"start":{"line":18,"column":28},"end":{"line":18,"column":30}},"3":{"start":{"line":19,"column":4},"end":{"line":26,"column":null}},"4":{"start":{"line":20,"column":6},"end":{"line":25,"column":null}},"5":{"start":{"line":29,"column":24},"end":{"line":46,"column":51}},"6":{"start":{"line":31,"column":8},"end":{"line":31,"column":null}},"7":{"start":{"line":34,"column":32},"end":{"line":34,"column":80}},"8":{"start":{"line":35,"column":23},"end":{"line":35,"column":61}},"9":{"start":{"line":37,"column":8},"end":{"line":44,"column":null}},"10":{"start":{"line":46,"column":22},"end":{"line":46,"column":50}},"11":{"start":{"line":48,"column":4},"end":{"line":48,"column":null}},"12":{"start":{"line":58,"column":4},"end":{"line":71,"column":null}},"13":{"start":{"line":60,"column":47},"end":{"line":63,"column":8}},"14":{"start":{"line":66,"column":20},"end":{"line":66,"column":75}},"15":{"start":{"line":68,"column":6},"end":{"line":68,"column":null}},"16":{"start":{"line":70,"column":6},"end":{"line":70,"column":null}}},"fnMap":{"0":{"name":"(anonymous_0)","decl":{"start":{"line":14,"column":2},"end":{"line":14,"column":20}},"loc":{"start":{"line":14,"column":53},"end":{"line":49,"column":null}},"line":14},"1":{"name":"(anonymous_1)","decl":{"start":{"line":19,"column":33},"end":{"line":19,"column":37}},"loc":{"start":{"line":19,"column":41},"end":{"line":26,"column":5}},"line":19},"2":{"name":"(anonymous_2)","decl":{"start":{"line":30,"column":14},"end":{"line":30,"column":22}},"loc":{"start":{"line":31,"column":8},"end":{"line":31,"column":null}},"line":31},"3":{"name":"(anonymous_3)","decl":{"start":{"line":33,"column":11},"end":{"line":33,"column":19}},"loc":{"start":{"line":33,"column":23},"end":{"line":45,"column":7}},"line":33},"4":{"name":"(anonymous_4)","decl":{"start":{"line":46,"column":12},"end":{"line":46,"column":13}},"loc":{"start":{"line":46,"column":22},"end":{"line":46,"column":50}},"line":46},"5":{"name":"(anonymous_5)","decl":{"start":{"line":57,"column":8},"end":{"line":57,"column":22}},"loc":{"start":{"line":57,"column":43},"end":{"line":72,"column":null}},"line":57}},"branchMap":{"0":{"loc":{"start":{"line":15,"column":4},"end":{"line":15,"column":null}},"type":"if","locations":[{"start":{"line":15,"column":4},"end":{"line":15,"column":null}},{"start":{},"end":{}}],"line":15},"1":{"loc":{"start":{"line":15,"column":8},"end":{"line":15,"column":54}},"type":"binary-expr","locations":[{"start":{"line":15,"column":8},"end":{"line":15,"column":28}},{"start":{"line":15,"column":32},"end":{"line":15,"column":54}}],"line":15},"2":{"loc":{"start":{"line":21,"column":24},"end":{"line":21,"column":52}},"type":"binary-expr","locations":[{"start":{"line":21,"column":24},"end":{"line":21,"column":43}},{"start":{"line":21,"column":47},"end":{"line":21,"column":52}}],"line":21},"3":{"loc":{"start":{"line":35,"column":23},"end":{"line":35,"column":61}},"type":"binary-expr","locations":[{"start":{"line":35,"column":23},"end":{"line":35,"column":55}},{"start":{"line":35,"column":59},"end":{"line":35,"column":61}}],"line":35},"4":{"loc":{"start":{"line":39,"column":16},"end":{"line":39,"column":57}},"type":"binary-expr","locations":[{"start":{"line":39,"column":16},"end":{"line":39,"column":39}},{"start":{"line":39,"column":43},"end":{"line":39,"column":57}}],"line":39},"5":{"loc":{"start":{"line":40,"column":26},"end":{"line":40,"column":56}},"type":"binary-expr","locations":[{"start":{"line":40,"column":26},"end":{"line":40,"column":47}},{"start":{"line":40,"column":51},"end":{"line":40,"column":56}}],"line":40},"6":{"loc":{"start":{"line":41,"column":19},"end":{"line":41,"column":53}},"type":"binary-expr","locations":[{"start":{"line":41,"column":19},"end":{"line":41,"column":35}},{"start":{"line":41,"column":39},"end":{"line":41,"column":53}}],"line":41}},"s":{"0":13,"1":3,"2":10,"3":10,"4":12,"5":10,"6":15,"7":13,"8":13,"9":13,"10":4,"11":10,"12":0,"13":0,"14":0,"15":0,"16":0},"f":{"0":13,"1":12,"2":15,"3":13,"4":4,"5":0},"b":{"0":[3,10],"1":[13,11],"2":[12,10],"3":[13,1],"4":[13,1],"5":[13,11],"6":[13,8]},"meta":{"lastBranch":7,"lastFunction":6,"lastStatement":17,"seen":{"f:14:2:14:20":0,"b:15:4:15:Infinity:undefined:undefined:undefined:undefined":0,"s:15:4:15:Infinity":0,"b:15:8:15:28:15:32:15:54":1,"s:15:56:15:Infinity":1,"s:18:28:18:30":2,"s:19:4:26:Infinity":3,"f:19:33:19:37":1,"s:20:6:25:Infinity":4,"b:21:24:21:43:21:47:21:52":2,"s:29:24:46:51":5,"f:30:14:30:22":2,"s:31:8:31:Infinity":6,"f:33:11:33:19":3,"s:34:32:34:80":7,"s:35:23:35:61":8,"b:35:23:35:55:35:59:35:61":3,"s:37:8:44:Infinity":9,"b:39:16:39:39:39:43:39:57":4,"b:40:26:40:47:40:51:40:56":5,"b:41:19:41:35:41:39:41:53":6,"f:46:12:46:13":4,"s:46:22:46:50":10,"s:48:4:48:Infinity":11,"f:57:8:57:22":5,"s:58:4:71:Infinity":12,"s:60:47:63:8":13,"s:66:20:66:75":14,"s:68:6:68:Infinity":15,"s:70:6:70:Infinity":16}}}
,"/Users/andrew/Development/hue/backend/services/roomService.js": {"path":"/Users/andrew/Development/hue/backend/services/roomService.js","statementMap":{"0":{"start":{"line":14,"column":4},"end":{"line":14,"column":null}},"1":{"start":{"line":14,"column":69},"end":{"line":14,"column":null}},"2":{"start":{"line":17,"column":27},"end":{"line":19,"column":5}},"3":{"start":{"line":18,"column":6},"end":{"line":18,"column":null}},"4":{"start":{"line":18,"column":43},"end":{"line":18,"column":60}},"5":{"start":{"line":22,"column":27},"end":{"line":22,"column":29}},"6":{"start":{"line":23,"column":4},"end":{"line":28,"column":null}},"7":{"start":{"line":24,"column":25},"end":{"line":26,"column":30}},"8":{"start":{"line":25,"column":22},"end":{"line":25,"column":41}},"9":{"start":{"line":26,"column":18},"end":{"line":26,"column":23}},"10":{"start":{"line":27,"column":6},"end":{"line":27,"column":null}},"11":{"start":{"line":30,"column":20},"end":{"line":30,"column":22}},"12":{"start":{"line":33,"column":4},"end":{"line":55,"column":null}},"13":{"start":{"line":34,"column":25},"end":{"line":34,"column":27}},"14":{"start":{"line":37,"column":6},"end":{"line":44,"column":null}},"15":{"start":{"line":38,"column":8},"end":{"line":43,"column":null}},"16":{"start":{"line":39,"column":31},"end":{"line":39,"column":62}},"17":{"start":{"line":40,"column":10},"end":{"line":40,"column":null}},"18":{"start":{"line":41,"column":15},"end":{"line":43,"column":null}},"19":{"start":{"line":42,"column":10},"end":{"line":42,"column":null}},"20":{"start":{"line":46,"column":6},"end":{"line":54,"column":null}},"21":{"start":{"line":47,"column":8},"end":{"line":53,"column":null}},"22":{"start":{"line":51,"column":25},"end":{"line":51,"column":45}},"23":{"start":{"line":58,"column":31},"end":{"line":60,"column":5}},"24":{"start":{"line":59,"column":42},"end":{"line":59,"column":54}},"25":{"start":{"line":61,"column":29},"end":{"line":63,"column":5}},"26":{"start":{"line":62,"column":15},"end":{"line":62,"column":null}},"27":{"start":{"line":65,"column":4},"end":{"line":71,"column":null}},"28":{"start":{"line":66,"column":6},"end":{"line":70,"column":null}},"29":{"start":{"line":68,"column":46},"end":{"line":68,"column":50}},"30":{"start":{"line":73,"column":4},"end":{"line":73,"column":null}},"31":{"start":{"line":83,"column":4},"end":{"line":83,"column":null}},"32":{"start":{"line":83,"column":27},"end":{"line":83,"column":null}},"33":{"start":{"line":85,"column":4},"end":{"line":91,"column":null}},"34":{"start":{"line":86,"column":23},"end":{"line":86,"column":52}},"35":{"start":{"line":87,"column":21},"end":{"line":90,"column":7}},"36":{"start":{"line":91,"column":22},"end":{"line":91,"column":50}},"37":{"start":{"line":100,"column":4},"end":{"line":102,"column":null}},"38":{"start":{"line":101,"column":6},"end":{"line":101,"column":null}},"39":{"start":{"line":104,"column":26},"end":{"line":104,"column":73}},"40":{"start":{"line":104,"column":53},"end":{"line":104,"column":65}},"41":{"start":{"line":105,"column":24},"end":{"line":105,"column":41}},"42":{"start":{"line":108,"column":21},"end":{"line":108,"column":61}},"43":{"start":{"line":108,"column":48},"end":{"line":108,"column":60}},"44":{"start":{"line":109,"column":30},"end":{"line":115,"column":9}},"45":{"start":{"line":112,"column":29},"end":{"line":112,"column":60}},"46":{"start":{"line":113,"column":10},"end":{"line":113,"column":null}},"47":{"start":{"line":117,"column":4},"end":{"line":117,"column":null}},"48":{"start":{"line":127,"column":4},"end":{"line":127,"column":null}},"49":{"start":{"line":127,"column":39},"end":{"line":127,"column":null}},"50":{"start":{"line":129,"column":31},"end":{"line":133,"column":5}},"51":{"start":{"line":131,"column":24},"end":{"line":131,"column":46}},"52":{"start":{"line":132,"column":22},"end":{"line":132,"column":34}},"53":{"start":{"line":135,"column":4},"end":{"line":135,"column":null}},"54":{"start":{"line":135,"column":43},"end":{"line":135,"column":76}}},"fnMap":{"0":{"name":"(anonymous_0)","decl":{"start":{"line":13,"column":2},"end":{"line":13,"column":20}},"loc":{"start":{"line":13,"column":57},"end":{"line":74,"column":null}},"line":13},"1":{"name":"(anonymous_1)","decl":{"start":{"line":17,"column":27},"end":{"line":17,"column":28}},"loc":{"start":{"line":17,"column":37},"end":{"line":19,"column":5}},"line":17},"2":{"name":"(anonymous_2)","decl":{"start":{"line":18,"column":34},"end":{"line":18,"column":39}},"loc":{"start":{"line":18,"column":43},"end":{"line":18,"column":60}},"line":18},"3":{"name":"(anonymous_3)","decl":{"start":{"line":23,"column":29},"end":{"line":23,"column":35}},"loc":{"start":{"line":23,"column":39},"end":{"line":28,"column":5}},"line":23},"4":{"name":"(anonymous_4)","decl":{"start":{"line":25,"column":17},"end":{"line":25,"column":18}},"loc":{"start":{"line":25,"column":22},"end":{"line":25,"column":41}},"line":25},"5":{"name":"(anonymous_5)","decl":{"start":{"line":26,"column":13},"end":{"line":26,"column":14}},"loc":{"start":{"line":26,"column":18},"end":{"line":26,"column":23}},"line":26},"6":{"name":"(anonymous_6)","decl":{"start":{"line":33,"column":27},"end":{"line":33,"column":31}},"loc":{"start":{"line":33,"column":35},"end":{"line":55,"column":5}},"line":33},"7":{"name":"(anonymous_7)","decl":{"start":{"line":37,"column":29},"end":{"line":37,"column":34}},"loc":{"start":{"line":37,"column":38},"end":{"line":44,"column":7}},"line":37},"8":{"name":"(anonymous_8)","decl":{"start":{"line":51,"column":17},"end":{"line":51,"column":21}},"loc":{"start":{"line":51,"column":25},"end":{"line":51,"column":45}},"line":51},"9":{"name":"(anonymous_9)","decl":{"start":{"line":59,"column":37},"end":{"line":59,"column":38}},"loc":{"start":{"line":59,"column":42},"end":{"line":59,"column":54}},"line":59},"10":{"name":"(anonymous_10)","decl":{"start":{"line":62,"column":6},"end":{"line":62,"column":11}},"loc":{"start":{"line":62,"column":15},"end":{"line":62,"column":null}},"line":62},"11":{"name":"(anonymous_11)","decl":{"start":{"line":68,"column":41},"end":{"line":68,"column":42}},"loc":{"start":{"line":68,"column":46},"end":{"line":68,"column":50}},"line":68},"12":{"name":"(anonymous_12)","decl":{"start":{"line":82,"column":2},"end":{"line":82,"column":18}},"loc":{"start":{"line":82,"column":41},"end":{"line":92,"column":null}},"line":82},"13":{"name":"(anonymous_13)","decl":{"start":{"line":86,"column":14},"end":{"line":86,"column":19}},"loc":{"start":{"line":86,"column":23},"end":{"line":86,"column":52}},"line":86},"14":{"name":"(anonymous_14)","decl":{"start":{"line":87,"column":11},"end":{"line":87,"column":16}},"loc":{"start":{"line":87,"column":21},"end":{"line":90,"column":7}},"line":87},"15":{"name":"(anonymous_15)","decl":{"start":{"line":91,"column":12},"end":{"line":91,"column":13}},"loc":{"start":{"line":91,"column":22},"end":{"line":91,"column":50}},"line":91},"16":{"name":"(anonymous_16)","decl":{"start":{"line":99,"column":2},"end":{"line":99,"column":20}},"loc":{"start":{"line":99,"column":33},"end":{"line":118,"column":null}},"line":99},"17":{"name":"(anonymous_17)","decl":{"start":{"line":104,"column":44},"end":{"line":104,"column":49}},"loc":{"start":{"line":104,"column":53},"end":{"line":104,"column":65}},"line":104},"18":{"name":"(anonymous_18)","decl":{"start":{"line":108,"column":39},"end":{"line":108,"column":44}},"loc":{"start":{"line":108,"column":48},"end":{"line":108,"column":60}},"line":108},"19":{"name":"(anonymous_19)","decl":{"start":{"line":110,"column":24},"end":{"line":110,"column":25}},"loc":{"start":{"line":110,"column":40},"end":{"line":114,"column":9}},"line":110},"20":{"name":"(anonymous_20)","decl":{"start":{"line":126,"column":2},"end":{"line":126,"column":22}},"loc":{"start":{"line":126,"column":44},"end":{"line":136,"column":null}},"line":126},"21":{"name":"(anonymous_21)","decl":{"start":{"line":131,"column":16},"end":{"line":131,"column":20}},"loc":{"start":{"line":131,"column":24},"end":{"line":131,"column":46}},"line":131},"22":{"name":"(anonymous_22)","decl":{"start":{"line":132,"column":17},"end":{"line":132,"column":18}},"loc":{"start":{"line":132,"column":22},"end":{"line":132,"column":34}},"line":132},"23":{"name":"(anonymous_23)","decl":{"start":{"line":135,"column":34},"end":{"line":135,"column":39}},"loc":{"start":{"line":135,"column":43},"end":{"line":135,"column":76}},"line":135}},"branchMap":{"0":{"loc":{"start":{"line":14,"column":4},"end":{"line":14,"column":null}},"type":"if","locations":[{"start":{"line":14,"column":4},"end":{"line":14,"column":null}},{"start":{},"end":{}}],"line":14},"1":{"loc":{"start":{"line":14,"column":8},"end":{"line":14,"column":67}},"type":"binary-expr","locations":[{"start":{"line":14,"column":8},"end":{"line":14,"column":25}},{"start":{"line":14,"column":29},"end":{"line":14,"column":45}},{"start":{"line":14,"column":49},"end":{"line":14,"column":67}}],"line":14},"2":{"loc":{"start":{"line":24,"column":25},"end":{"line":26,"column":30}},"type":"binary-expr","locations":[{"start":{"line":24,"column":25},"end":{"line":26,"column":24}},{"start":{"line":26,"column":28},"end":{"line":26,"column":30}}],"line":24},"3":{"loc":{"start":{"line":38,"column":8},"end":{"line":43,"column":null}},"type":"if","locations":[{"start":{"line":38,"column":8},"end":{"line":43,"column":null}},{"start":{"line":41,"column":15},"end":{"line":43,"column":null}}],"line":38},"4":{"loc":{"start":{"line":39,"column":31},"end":{"line":39,"column":62}},"type":"binary-expr","locations":[{"start":{"line":39,"column":31},"end":{"line":39,"column":56}},{"start":{"line":39,"column":60},"end":{"line":39,"column":62}}],"line":39},"5":{"loc":{"start":{"line":41,"column":15},"end":{"line":43,"column":null}},"type":"if","locations":[{"start":{"line":41,"column":15},"end":{"line":43,"column":null}},{"start":{},"end":{}}],"line":41},"6":{"loc":{"start":{"line":46,"column":6},"end":{"line":54,"column":null}},"type":"if","locations":[{"start":{"line":46,"column":6},"end":{"line":54,"column":null}},{"start":{},"end":{}}],"line":46},"7":{"loc":{"start":{"line":47,"column":16},"end":{"line":47,"column":53}},"type":"binary-expr","locations":[{"start":{"line":47,"column":16},"end":{"line":47,"column":35}},{"start":{"line":47,"column":39},"end":{"line":47,"column":53}}],"line":47},"8":{"loc":{"start":{"line":65,"column":4},"end":{"line":71,"column":null}},"type":"if","locations":[{"start":{"line":65,"column":4},"end":{"line":71,"column":null}},{"start":{},"end":{}}],"line":65},"9":{"loc":{"start":{"line":83,"column":4},"end":{"line":83,"column":null}},"type":"if","locations":[{"start":{"line":83,"column":4},"end":{"line":83,"column":null}},{"start":{},"end":{}}],"line":83},"10":{"loc":{"start":{"line":89,"column":14},"end":{"line":89,"column":null}},"type":"binary-expr","locations":[{"start":{"line":89,"column":14},"end":{"line":89,"column":34}},{"start":{"line":89,"column":38},"end":{"line":89,"column":null}}],"line":89},"11":{"loc":{"start":{"line":100,"column":4},"end":{"line":102,"column":null}},"type":"if","locations":[{"start":{"line":100,"column":4},"end":{"line":102,"column":null}},{"start":{},"end":{}}],"line":100},"12":{"loc":{"start":{"line":100,"column":8},"end":{"line":100,"column":46}},"type":"binary-expr","locations":[{"start":{"line":100,"column":8},"end":{"line":100,"column":19}},{"start":{"line":100,"column":23},"end":{"line":100,"column":46}}],"line":100},"13":{"loc":{"start":{"line":109,"column":30},"end":{"line":115,"column":9}},"type":"cond-expr","locations":[{"start":{"line":110,"column":8},"end":{"line":114,"column":null}},{"start":{"line":115,"column":8},"end":{"line":115,"column":9}}],"line":109},"14":{"loc":{"start":{"line":112,"column":29},"end":{"line":112,"column":60}},"type":"binary-expr","locations":[{"start":{"line":112,"column":29},"end":{"line":112,"column":54}},{"start":{"line":112,"column":58},"end":{"line":112,"column":60}}],"line":112},"15":{"loc":{"start":{"line":127,"column":4},"end":{"line":127,"column":null}},"type":"if","locations":[{"start":{"line":127,"column":4},"end":{"line":127,"column":null}},{"start":{},"end":{}}],"line":127},"16":{"loc":{"start":{"line":127,"column":8},"end":{"line":127,"column":37}},"type":"binary-expr","locations":[{"start":{"line":127,"column":8},"end":{"line":127,"column":25}},{"start":{"line":127,"column":29},"end":{"line":127,"column":37}}],"line":127}},"s":{"0":10,"1":3,"2":7,"3":9,"4":10,"5":7,"6":7,"7":1,"8":2,"9":2,"10":1,"11":7,"12":7,"13":7,"14":7,"15":8,"16":1,"17":1,"18":7,"19":7,"20":7,"21":6,"22":9,"23":7,"24":6,"25":7,"26":8,"27":7,"28":1,"29":1,"30":7,"31":6,"32":2,"33":4,"34":9,"35":7,"36":5,"37":9,"38":2,"39":7,"40":16,"41":7,"42":7,"43":16,"44":7,"45":11,"46":11,"47":9,"48":0,"49":0,"50":0,"51":0,"52":0,"53":0,"54":0},"f":{"0":10,"1":9,"2":10,"3":1,"4":2,"5":2,"6":7,"7":8,"8":9,"9":6,"10":8,"11":1,"12":6,"13":9,"14":7,"15":5,"16":9,"17":16,"18":16,"19":11,"20":0,"21":0,"22":0,"23":0},"b":{"0":[3,7],"1":[10,8,7],"2":[1,0],"3":[1,7],"4":[1,0],"5":[7,0],"6":[6,1],"7":[6,1],"8":[1,6],"9":[2,4],"10":[7,2],"11":[2,7],"12":[9,8],"13":[6,1],"14":[11,1],"15":[0,0],"16":[0,0]},"meta":{"lastBranch":17,"lastFunction":24,"lastStatement":55,"seen":{"f:13:2:13:20":0,"b:14:4:14:Infinity:undefined:undefined:undefined:undefined":0,"s:14:4:14:Infinity":0,"b:14:8:14:25:14:29:14:45:14:49:14:67":1,"s:14:69:14:Infinity":1,"s:17:27:19:5":2,"f:17:27:17:28":1,"s:18:6:18:Infinity":3,"f:18:34:18:39":2,"s:18:43:18:60":4,"s:22:27:22:29":5,"s:23:4:28:Infinity":6,"f:23:29:23:35":3,"s:24:25:26:30":7,"b:24:25:26:24:26:28:26:30":2,"f:25:17:25:18":4,"s:25:22:25:41":8,"f:26:13:26:14":5,"s:26:18:26:23":9,"s:27:6:27:Infinity":10,"s:30:20:30:22":11,"s:33:4:55:Infinity":12,"f:33:27:33:31":6,"s:34:25:34:27":13,"s:37:6:44:Infinity":14,"f:37:29:37:34":7,"b:38:8:43:Infinity:41:15:43:Infinity":3,"s:38:8:43:Infinity":15,"s:39:31:39:62":16,"b:39:31:39:56:39:60:39:62":4,"s:40:10:40:Infinity":17,"b:41:15:43:Infinity:undefined:undefined:undefined:undefined":5,"s:41:15:43:Infinity":18,"s:42:10:42:Infinity":19,"b:46:6:54:Infinity:undefined:undefined:undefined:undefined":6,"s:46:6:54:Infinity":20,"s:47:8:53:Infinity":21,"b:47:16:47:35:47:39:47:53":7,"f:51:17:51:21":8,"s:51:25:51:45":22,"s:58:31:60:5":23,"f:59:37:59:38":9,"s:59:42:59:54":24,"s:61:29:63:5":25,"f:62:6:62:11":10,"s:62:15:62:Infinity":26,"b:65:4:71:Infinity:undefined:undefined:undefined:undefined":8,"s:65:4:71:Infinity":27,"s:66:6:70:Infinity":28,"f:68:41:68:42":11,"s:68:46:68:50":29,"s:73:4:73:Infinity":30,"f:82:2:82:18":12,"b:83:4:83:Infinity:undefined:undefined:undefined:undefined":9,"s:83:4:83:Infinity":31,"s:83:27:83:Infinity":32,"s:85:4:91:Infinity":33,"f:86:14:86:19":13,"s:86:23:86:52":34,"f:87:11:87:16":14,"s:87:21:90:7":35,"b:89:14:89:34:89:38:89:Infinity":10,"f:91:12:91:13":15,"s:91:22:91:50":36,"f:99:2:99:20":16,"b:100:4:102:Infinity:undefined:undefined:undefined:undefined":11,"s:100:4:102:Infinity":37,"b:100:8:100:19:100:23:100:46":12,"s:101:6:101:Infinity":38,"s:104:26:104:73":39,"f:104:44:104:49":17,"s:104:53:104:65":40,"s:105:24:105:41":41,"s:108:21:108:61":42,"f:108:39:108:44":18,"s:108:48:108:60":43,"s:109:30:115:9":44,"b:110:8:114:Infinity:115:8:115:9":13,"f:110:24:110:25":19,"s:112:29:112:60":45,"b:112:29:112:54:112:58:112:60":14,"s:113:10:113:Infinity":46,"s:117:4:117:Infinity":47,"f:126:2:126:22":20,"b:127:4:127:Infinity:undefined:undefined:undefined:undefined":15,"s:127:4:127:Infinity":48,"b:127:8:127:25:127:29:127:37":16,"s:127:39:127:Infinity":49,"s:129:31:133:5":50,"f:131:16:131:20":21,"s:131:24:131:46":51,"f:132:17:132:18":22,"s:132:22:132:34":52,"s:135:4:135:Infinity":53,"f:135:34:135:39":23,"s:135:43:135:76":54}}}
,"/Users/andrew/Development/hue/backend/services/statsService.js": {"path":"/Users/andrew/Development/hue/backend/services/statsService.js","statementMap":{"0":{"start":{"line":14,"column":24},"end":{"line":14,"column":53}},"1":{"start":{"line":15,"column":21},"end":{"line":15,"column":80}},"2":{"start":{"line":15,"column":55},"end":{"line":15,"column":67}},"3":{"start":{"line":16,"column":22},"end":{"line":16,"column":63}},"4":{"start":{"line":17,"column":23},"end":{"line":17,"column":52}},"5":{"start":{"line":19,"column":4},"end":{"line":24,"column":null}}},"fnMap":{"0":{"name":"(anonymous_0)","decl":{"start":{"line":13,"column":2},"end":{"line":13,"column":25}},"loc":{"start":{"line":13,"column":59},"end":{"line":25,"column":null}},"line":13},"1":{"name":"(anonymous_1)","decl":{"start":{"line":15,"column":46},"end":{"line":15,"column":51}},"loc":{"start":{"line":15,"column":55},"end":{"line":15,"column":67}},"line":15}},"branchMap":{"0":{"loc":{"start":{"line":14,"column":24},"end":{"line":14,"column":53}},"type":"binary-expr","locations":[{"start":{"line":14,"column":24},"end":{"line":14,"column":48}},{"start":{"line":14,"column":52},"end":{"line":14,"column":53}}],"line":14},"1":{"loc":{"start":{"line":15,"column":21},"end":{"line":15,"column":80}},"type":"binary-expr","locations":[{"start":{"line":15,"column":21},"end":{"line":15,"column":75}},{"start":{"line":15,"column":79},"end":{"line":15,"column":80}}],"line":15},"2":{"loc":{"start":{"line":16,"column":22},"end":{"line":16,"column":63}},"type":"cond-expr","locations":[{"start":{"line":16,"column":32},"end":{"line":16,"column":59}},{"start":{"line":16,"column":62},"end":{"line":16,"column":63}}],"line":16},"3":{"loc":{"start":{"line":17,"column":23},"end":{"line":17,"column":52}},"type":"binary-expr","locations":[{"start":{"line":17,"column":23},"end":{"line":17,"column":47}},{"start":{"line":17,"column":51},"end":{"line":17,"column":52}}],"line":17}},"s":{"0":10,"1":10,"2":114,"3":10,"4":10,"5":10},"f":{"0":10,"1":114},"b":{"0":[10,4],"1":[10,5],"2":[5,5],"3":[10,7]},"meta":{"lastBranch":4,"lastFunction":2,"lastStatement":6,"seen":{"f:13:2:13:25":0,"s:14:24:14:53":0,"b:14:24:14:48:14:52:14:53":0,"s:15:21:15:80":1,"b:15:21:15:75:15:79:15:80":1,"f:15:46:15:51":1,"s:15:55:15:67":2,"s:16:22:16:63":3,"b:16:32:16:59:16:62:16:63":2,"s:17:23:17:52":4,"b:17:23:17:47:17:51:17:52":3,"s:19:4:24:Infinity":5}}}
,"/Users/andrew/Development/hue/backend/utils/colorConversion.js": {"path":"/Users/andrew/Development/hue/backend/utils/colorConversion.js","statementMap":{"0":{"start":{"line":1,"column":21},"end":{"line":14,"column":1}},"1":{"start":{"line":23,"column":23},"end":{"line":61,"column":1}},"2":{"start":{"line":25,"column":12},"end":{"line":25,"column":23}},"3":{"start":{"line":26,"column":26},"end":{"line":26,"column":57}},"4":{"start":{"line":27,"column":12},"end":{"line":27,"column":27}},"5":{"start":{"line":28,"column":12},"end":{"line":28,"column":23}},"6":{"start":{"line":29,"column":12},"end":{"line":29,"column":23}},"7":{"start":{"line":32,"column":17},"end":{"line":32,"column":47}},"8":{"start":{"line":33,"column":10},"end":{"line":33,"column":61}},"9":{"start":{"line":34,"column":10},"end":{"line":34,"column":61}},"10":{"start":{"line":35,"column":10},"end":{"line":35,"column":61}},"11":{"start":{"line":38,"column":23},"end":{"line":41,"column":3}},"12":{"start":{"line":39,"column":4},"end":{"line":39,"column":null}},"13":{"start":{"line":39,"column":26},"end":{"line":39,"column":null}},"14":{"start":{"line":40,"column":4},"end":{"line":40,"column":null}},"15":{"start":{"line":43,"column":2},"end":{"line":43,"column":null}},"16":{"start":{"line":44,"column":2},"end":{"line":44,"column":null}},"17":{"start":{"line":45,"column":2},"end":{"line":45,"column":null}},"18":{"start":{"line":48,"column":14},"end":{"line":48,"column":31}},"19":{"start":{"line":49,"column":2},"end":{"line":53,"column":null}},"20":{"start":{"line":50,"column":4},"end":{"line":50,"column":null}},"21":{"start":{"line":51,"column":4},"end":{"line":51,"column":null}},"22":{"start":{"line":52,"column":4},"end":{"line":52,"column":null}},"23":{"start":{"line":56,"column":2},"end":{"line":56,"column":null}},"24":{"start":{"line":57,"column":2},"end":{"line":57,"column":null}},"25":{"start":{"line":58,"column":2},"end":{"line":58,"column":null}},"26":{"start":{"line":60,"column":2},"end":{"line":60,"column":null}},"27":{"start":{"line":69,"column":26},"end":{"line":113,"column":1}},"28":{"start":{"line":71,"column":17},"end":{"line":71,"column":32}},"29":{"start":{"line":72,"column":15},"end":{"line":72,"column":27}},"30":{"start":{"line":77,"column":2},"end":{"line":83,"column":null}},"31":{"start":{"line":78,"column":4},"end":{"line":78,"column":null}},"32":{"start":{"line":80,"column":4},"end":{"line":80,"column":null}},"33":{"start":{"line":81,"column":4},"end":{"line":81,"column":null}},"34":{"start":{"line":82,"column":4},"end":{"line":82,"column":null}},"35":{"start":{"line":86,"column":2},"end":{"line":92,"column":null}},"36":{"start":{"line":87,"column":4},"end":{"line":87,"column":null}},"37":{"start":{"line":88,"column":4},"end":{"line":88,"column":null}},"38":{"start":{"line":90,"column":4},"end":{"line":90,"column":null}},"39":{"start":{"line":91,"column":4},"end":{"line":91,"column":null}},"40":{"start":{"line":93,"column":2},"end":{"line":93,"column":null}},"41":{"start":{"line":96,"column":2},"end":{"line":104,"column":null}},"42":{"start":{"line":97,"column":4},"end":{"line":97,"column":null}},"43":{"start":{"line":98,"column":9},"end":{"line":104,"column":null}},"44":{"start":{"line":99,"column":4},"end":{"line":99,"column":null}},"45":{"start":{"line":101,"column":4},"end":{"line":101,"column":null}},"46":{"start":{"line":102,"column":4},"end":{"line":102,"column":null}},"47":{"start":{"line":103,"column":4},"end":{"line":103,"column":null}},"48":{"start":{"line":107,"column":26},"end":{"line":107,"column":42}},"49":{"start":{"line":108,"column":2},"end":{"line":108,"column":null}},"50":{"start":{"line":109,"column":2},"end":{"line":109,"column":null}},"51":{"start":{"line":110,"column":2},"end":{"line":110,"column":null}},"52":{"start":{"line":112,"column":2},"end":{"line":112,"column":null}},"53":{"start":{"line":120,"column":29},"end":{"line":181,"column":1}},"54":{"start":{"line":121,"column":2},"end":{"line":121,"column":null}},"55":{"start":{"line":121,"column":21},"end":{"line":121,"column":null}},"56":{"start":{"line":123,"column":21},"end":{"line":123,"column":53}},"57":{"start":{"line":126,"column":18},"end":{"line":126,"column":22}},"58":{"start":{"line":127,"column":2},"end":{"line":132,"column":null}},"59":{"start":{"line":128,"column":21},"end":{"line":128,"column":35}},"60":{"start":{"line":129,"column":4},"end":{"line":129,"column":35}},"61":{"start":{"line":130,"column":9},"end":{"line":132,"column":null}},"62":{"start":{"line":131,"column":4},"end":{"line":131,"column":null}},"63":{"start":{"line":135,"column":2},"end":{"line":158,"column":null}},"64":{"start":{"line":138,"column":26},"end":{"line":138,"column":52}},"65":{"start":{"line":139,"column":27},"end":{"line":139,"column":48}},"66":{"start":{"line":140,"column":22},"end":{"line":140,"column":54}},"67":{"start":{"line":141,"column":25},"end":{"line":141,"column":64}},"68":{"start":{"line":144,"column":4},"end":{"line":155,"column":null}},"69":{"start":{"line":145,"column":6},"end":{"line":145,"column":null}},"70":{"start":{"line":148,"column":9},"end":{"line":155,"column":null}},"71":{"start":{"line":149,"column":16},"end":{"line":149,"column":69}},"72":{"start":{"line":150,"column":26},"end":{"line":150,"column":45}},"73":{"start":{"line":151,"column":16},"end":{"line":151,"column":96}},"74":{"start":{"line":152,"column":16},"end":{"line":152,"column":96}},"75":{"start":{"line":153,"column":16},"end":{"line":153,"column":96}},"76":{"start":{"line":154,"column":6},"end":{"line":154,"column":null}},"77":{"start":{"line":157,"column":4},"end":{"line":157,"column":null}},"78":{"start":{"line":161,"column":25},"end":{"line":161,"column":46}},"79":{"start":{"line":162,"column":20},"end":{"line":162,"column":52}},"80":{"start":{"line":163,"column":23},"end":{"line":163,"column":62}},"81":{"start":{"line":166,"column":2},"end":{"line":173,"column":null}},"82":{"start":{"line":167,"column":4},"end":{"line":167,"column":20}},"83":{"start":{"line":168,"column":9},"end":{"line":173,"column":null}},"84":{"start":{"line":169,"column":4},"end":{"line":169,"column":20}},"85":{"start":{"line":171,"column":14},"end":{"line":171,"column":67}},"86":{"start":{"line":172,"column":4},"end":{"line":172,"column":38}},"87":{"start":{"line":176,"column":12},"end":{"line":176,"column":88}},"88":{"start":{"line":177,"column":12},"end":{"line":177,"column":88}},"89":{"start":{"line":178,"column":12},"end":{"line":178,"column":88}},"90":{"start":{"line":180,"column":2},"end":{"line":180,"column":null}},"91":{"start":{"line":189,"column":30},"end":{"line":204,"column":1}},"92":{"start":{"line":190,"column":2},"end":{"line":190,"column":null}},"93":{"start":{"line":190,"column":36},"end":{"line":190,"column":null}},"94":{"start":{"line":192,"column":21},"end":{"line":192,"column":53}},"95":{"start":{"line":193,"column":27},"end":{"line":193,"column":56}},"96":{"start":{"line":195,"column":2},"end":{"line":203,"column":null}},"97":{"start":{"line":197,"column":4},"end":{"line":197,"column":null}},"98":{"start":{"line":200,"column":26},"end":{"line":200,"column":108}},"99":{"start":{"line":201,"column":24},"end":{"line":201,"column":67}},"100":{"start":{"line":202,"column":4},"end":{"line":202,"column":null}}},"fnMap":{"0":{"name":"(anonymous_0)","decl":{"start":{"line":23,"column":23},"end":{"line":23,"column":24}},"loc":{"start":{"line":23,"column":51},"end":{"line":61,"column":1}},"line":23},"1":{"name":"(anonymous_1)","decl":{"start":{"line":38,"column":23},"end":{"line":38,"column":24}},"loc":{"start":{"line":38,"column":32},"end":{"line":41,"column":3}},"line":38},"2":{"name":"(anonymous_2)","decl":{"start":{"line":69,"column":26},"end":{"line":69,"column":27}},"loc":{"start":{"line":69,"column":55},"end":{"line":113,"column":1}},"line":69},"3":{"name":"(anonymous_3)","decl":{"start":{"line":120,"column":29},"end":{"line":120,"column":30}},"loc":{"start":{"line":120,"column":40},"end":{"line":181,"column":1}},"line":120},"4":{"name":"(anonymous_4)","decl":{"start":{"line":189,"column":30},"end":{"line":189,"column":31}},"loc":{"start":{"line":189,"column":53},"end":{"line":204,"column":1}},"line":189}},"branchMap":{"0":{"loc":{"start":{"line":23,"column":30},"end":{"line":23,"column":46}},"type":"default-arg","locations":[{"start":{"line":23,"column":43},"end":{"line":23,"column":46}}],"line":23},"1":{"loc":{"start":{"line":39,"column":4},"end":{"line":39,"column":null}},"type":"if","locations":[{"start":{"line":39,"column":4},"end":{"line":39,"column":null}},{"start":{},"end":{}}],"line":39},"2":{"loc":{"start":{"line":49,"column":2},"end":{"line":53,"column":null}},"type":"if","locations":[{"start":{"line":49,"column":2},"end":{"line":53,"column":null}},{"start":{},"end":{}}],"line":49},"3":{"loc":{"start":{"line":69,"column":34},"end":{"line":69,"column":50}},"type":"default-arg","locations":[{"start":{"line":69,"column":47},"end":{"line":69,"column":50}}],"line":69},"4":{"loc":{"start":{"line":77,"column":2},"end":{"line":83,"column":null}},"type":"if","locations":[{"start":{"line":77,"column":2},"end":{"line":83,"column":null}},{"start":{"line":79,"column":9},"end":{"line":83,"column":null}}],"line":77},"5":{"loc":{"start":{"line":86,"column":2},"end":{"line":92,"column":null}},"type":"if","locations":[{"start":{"line":86,"column":2},"end":{"line":92,"column":null}},{"start":{"line":89,"column":9},"end":{"line":92,"column":null}}],"line":86},"6":{"loc":{"start":{"line":96,"column":2},"end":{"line":104,"column":null}},"type":"if","locations":[{"start":{"line":96,"column":2},"end":{"line":104,"column":null}},{"start":{"line":98,"column":9},"end":{"line":104,"column":null}}],"line":96},"7":{"loc":{"start":{"line":98,"column":9},"end":{"line":104,"column":null}},"type":"if","locations":[{"start":{"line":98,"column":9},"end":{"line":104,"column":null}},{"start":{"line":100,"column":9},"end":{"line":104,"column":null}}],"line":98},"8":{"loc":{"start":{"line":121,"column":2},"end":{"line":121,"column":null}},"type":"if","locations":[{"start":{"line":121,"column":2},"end":{"line":121,"column":null}},{"start":{},"end":{}}],"line":121},"9":{"loc":{"start":{"line":123,"column":21},"end":{"line":123,"column":53}},"type":"binary-expr","locations":[{"start":{"line":123,"column":21},"end":{"line":123,"column":46}},{"start":{"line":123,"column":50},"end":{"line":123,"column":53}}],"line":123},"10":{"loc":{"start":{"line":127,"column":2},"end":{"line":132,"column":null}},"type":"if","locations":[{"start":{"line":127,"column":2},"end":{"line":132,"column":null}},{"start":{"line":130,"column":9},"end":{"line":132,"column":null}}],"line":127},"11":{"loc":{"start":{"line":130,"column":9},"end":{"line":132,"column":null}},"type":"if","locations":[{"start":{"line":130,"column":9},"end":{"line":132,"column":null}},{"start":{},"end":{}}],"line":130},"12":{"loc":{"start":{"line":135,"column":2},"end":{"line":158,"column":null}},"type":"if","locations":[{"start":{"line":135,"column":2},"end":{"line":158,"column":null}},{"start":{},"end":{}}],"line":135},"13":{"loc":{"start":{"line":144,"column":4},"end":{"line":155,"column":null}},"type":"if","locations":[{"start":{"line":144,"column":4},"end":{"line":155,"column":null}},{"start":{"line":148,"column":9},"end":{"line":155,"column":null}}],"line":144},"14":{"loc":{"start":{"line":148,"column":9},"end":{"line":155,"column":null}},"type":"if","locations":[{"start":{"line":148,"column":9},"end":{"line":155,"column":null}},{"start":{},"end":{}}],"line":148},"15":{"loc":{"start":{"line":166,"column":2},"end":{"line":173,"column":null}},"type":"if","locations":[{"start":{"line":166,"column":2},"end":{"line":173,"column":null}},{"start":{"line":168,"column":9},"end":{"line":173,"column":null}}],"line":166},"16":{"loc":{"start":{"line":168,"column":9},"end":{"line":173,"column":null}},"type":"if","locations":[{"start":{"line":168,"column":9},"end":{"line":173,"column":null}},{"start":{"line":170,"column":9},"end":{"line":173,"column":null}}],"line":168},"17":{"loc":{"start":{"line":190,"column":2},"end":{"line":190,"column":null}},"type":"if","locations":[{"start":{"line":190,"column":2},"end":{"line":190,"column":null}},{"start":{},"end":{}}],"line":190},"18":{"loc":{"start":{"line":190,"column":6},"end":{"line":190,"column":34}},"type":"binary-expr","locations":[{"start":{"line":190,"column":6},"end":{"line":190,"column":17}},{"start":{"line":190,"column":21},"end":{"line":190,"column":34}}],"line":190},"19":{"loc":{"start":{"line":192,"column":21},"end":{"line":192,"column":53}},"type":"binary-expr","locations":[{"start":{"line":192,"column":21},"end":{"line":192,"column":46}},{"start":{"line":192,"column":50},"end":{"line":192,"column":53}}],"line":192},"20":{"loc":{"start":{"line":195,"column":2},"end":{"line":203,"column":null}},"type":"if","locations":[{"start":{"line":195,"column":2},"end":{"line":203,"column":null}},{"start":{"line":198,"column":9},"end":{"line":203,"column":null}}],"line":195}},"s":{"0":2,"1":2,"2":18,"3":18,"4":18,"5":18,"6":18,"7":18,"8":18,"9":18,"10":18,"11":18,"12":54,"13":13,"14":41,"15":18,"16":18,"17":18,"18":18,"19":18,"20":16,"21":16,"22":16,"23":18,"24":18,"25":18,"26":18,"27":2,"28":10,"29":10,"30":10,"31":9,"32":1,"33":1,"34":1,"35":10,"36":9,"37":9,"38":1,"39":1,"40":10,"41":10,"42":1,"43":9,"44":0,"45":9,"46":9,"47":9,"48":10,"49":10,"50":10,"51":10,"52":10,"53":2,"54":26,"55":4,"56":22,"57":26,"58":26,"59":10,"60":10,"61":12,"62":2,"63":22,"64":10,"65":10,"66":10,"67":10,"68":10,"69":1,"70":9,"71":1,"72":1,"73":1,"74":1,"75":1,"76":1,"77":8,"78":12,"79":12,"80":12,"81":12,"82":0,"83":12,"84":10,"85":2,"86":2,"87":12,"88":12,"89":12,"90":12,"91":2,"92":24,"93":5,"94":19,"95":24,"96":24,"97":2,"98":17,"99":17,"100":17},"f":{"0":18,"1":54,"2":10,"3":26,"4":24},"b":{"0":[18],"1":[13,41],"2":[16,2],"3":[10],"4":[9,1],"5":[9,1],"6":[1,9],"7":[0,9],"8":[4,22],"9":[22,5],"10":[10,12],"11":[2,10],"12":[10,12],"13":[1,9],"14":[1,8],"15":[0,12],"16":[10,2],"17":[5,19],"18":[24,20],"19":[19,5],"20":[2,17]},"meta":{"lastBranch":21,"lastFunction":5,"lastStatement":101,"seen":{"s:1:21:14:1":0,"s:23:23:61:1":1,"f:23:23:23:24":0,"b:23:43:23:46":0,"s:25:12:25:23":2,"s:26:26:26:57":3,"s:27:12:27:27":4,"s:28:12:28:23":5,"s:29:12:29:23":6,"s:32:17:32:47":7,"s:33:10:33:61":8,"s:34:10:34:61":9,"s:35:10:35:61":10,"s:38:23:41:3":11,"f:38:23:38:24":1,"b:39:4:39:Infinity:undefined:undefined:undefined:undefined":1,"s:39:4:39:Infinity":12,"s:39:26:39:Infinity":13,"s:40:4:40:Infinity":14,"s:43:2:43:Infinity":15,"s:44:2:44:Infinity":16,"s:45:2:45:Infinity":17,"s:48:14:48:31":18,"b:49:2:53:Infinity:undefined:undefined:undefined:undefined":2,"s:49:2:53:Infinity":19,"s:50:4:50:Infinity":20,"s:51:4:51:Infinity":21,"s:52:4:52:Infinity":22,"s:56:2:56:Infinity":23,"s:57:2:57:Infinity":24,"s:58:2:58:Infinity":25,"s:60:2:60:Infinity":26,"s:69:26:113:1":27,"f:69:26:69:27":2,"b:69:47:69:50":3,"s:71:17:71:32":28,"s:72:15:72:27":29,"b:77:2:83:Infinity:79:9:83:Infinity":4,"s:77:2:83:Infinity":30,"s:78:4:78:Infinity":31,"s:80:4:80:Infinity":32,"s:81:4:81:Infinity":33,"s:82:4:82:Infinity":34,"b:86:2:92:Infinity:89:9:92:Infinity":5,"s:86:2:92:Infinity":35,"s:87:4:87:Infinity":36,"s:88:4:88:Infinity":37,"s:90:4:90:Infinity":38,"s:91:4:91:Infinity":39,"s:93:2:93:Infinity":40,"b:96:2:104:Infinity:98:9:104:Infinity":6,"s:96:2:104:Infinity":41,"s:97:4:97:Infinity":42,"b:98:9:104:Infinity:100:9:104:Infinity":7,"s:98:9:104:Infinity":43,"s:99:4:99:Infinity":44,"s:101:4:101:Infinity":45,"s:102:4:102:Infinity":46,"s:103:4:103:Infinity":47,"s:107:26:107:42":48,"s:108:2:108:Infinity":49,"s:109:2:109:Infinity":50,"s:110:2:110:Infinity":51,"s:112:2:112:Infinity":52,"s:120:29:181:1":53,"f:120:29:120:30":3,"b:121:2:121:Infinity:undefined:undefined:undefined:undefined":8,"s:121:2:121:Infinity":54,"s:121:21:121:Infinity":55,"s:123:21:123:53":56,"b:123:21:123:46:123:50:123:53":9,"s:126:18:126:22":57,"b:127:2:132:Infinity:130:9:132:Infinity":10,"s:127:2:132:Infinity":58,"s:128:21:128:35":59,"s:129:4:129:35":60,"b:130:9:132:Infinity:undefined:undefined:undefined:undefined":11,"s:130:9:132:Infinity":61,"s:131:4:131:Infinity":62,"b:135:2:158:Infinity:undefined:undefined:undefined:undefined":12,"s:135:2:158:Infinity":63,"s:138:26:138:52":64,"s:139:27:139:48":65,"s:140:22:140:54":66,"s:141:25:141:64":67,"b:144:4:155:Infinity:148:9:155:Infinity":13,"s:144:4:155:Infinity":68,"s:145:6:145:Infinity":69,"b:148:9:155:Infinity:undefined:undefined:undefined:undefined":14,"s:148:9:155:Infinity":70,"s:149:16:149:69":71,"s:150:26:150:45":72,"s:151:16:151:96":73,"s:152:16:152:96":74,"s:153:16:153:96":75,"s:154:6:154:Infinity":76,"s:157:4:157:Infinity":77,"s:161:25:161:46":78,"s:162:20:162:52":79,"s:163:23:163:62":80,"b:166:2:173:Infinity:168:9:173:Infinity":15,"s:166:2:173:Infinity":81,"s:167:4:167:20":82,"b:168:9:173:Infinity:170:9:173:Infinity":16,"s:168:9:173:Infinity":83,"s:169:4:169:20":84,"s:171:14:171:67":85,"s:172:4:172:38":86,"s:176:12:176:88":87,"s:177:12:177:88":88,"s:178:12:178:88":89,"s:180:2:180:Infinity":90,"s:189:30:204:1":91,"f:189:30:189:31":4,"b:190:2:190:Infinity:undefined:undefined:undefined:undefined":17,"s:190:2:190:Infinity":92,"b:190:6:190:17:190:21:190:34":18,"s:190:36:190:Infinity":93,"s:192:21:192:53":94,"b:192:21:192:46:192:50:192:53":19,"s:193:27:193:56":95,"b:195:2:203:Infinity:198:9:203:Infinity":20,"s:195:2:203:Infinity":96,"s:197:4:197:Infinity":97,"s:200:26:200:108":98,"s:201:24:201:67":99,"s:202:4:202:Infinity":100}}}
,"/Users/andrew/Development/hue/backend/utils/validation.js": {"path":"/Users/andrew/Development/hue/backend/utils/validation.js","statementMap":{"0":{"start":{"line":1,"column":19},"end":{"line":5,"column":1}},"1":{"start":{"line":12,"column":26},"end":{"line":21,"column":1}},"2":{"start":{"line":13,"column":2},"end":{"line":13,"column":null}},"3":{"start":{"line":13,"column":37},"end":{"line":13,"column":null}},"4":{"start":{"line":16,"column":17},"end":{"line":16,"column":30}},"5":{"start":{"line":17,"column":2},"end":{"line":20,"column":null}},"6":{"start":{"line":18,"column":16},"end":{"line":18,"column":35}},"7":{"start":{"line":19,"column":4},"end":{"line":19,"column":null}}},"fnMap":{"0":{"name":"(anonymous_0)","decl":{"start":{"line":12,"column":26},"end":{"line":12,"column":27}},"loc":{"start":{"line":12,"column":34},"end":{"line":21,"column":1}},"line":12},"1":{"name":"(anonymous_1)","decl":{"start":{"line":17,"column":22},"end":{"line":17,"column":27}},"loc":{"start":{"line":17,"column":31},"end":{"line":20,"column":3}},"line":17}},"branchMap":{"0":{"loc":{"start":{"line":13,"column":2},"end":{"line":13,"column":null}},"type":"if","locations":[{"start":{"line":13,"column":2},"end":{"line":13,"column":null}},{"start":{},"end":{}}],"line":13},"1":{"loc":{"start":{"line":19,"column":11},"end":{"line":19,"column":75}},"type":"binary-expr","locations":[{"start":{"line":19,"column":11},"end":{"line":19,"column":41}},{"start":{"line":19,"column":45},"end":{"line":19,"column":75}}],"line":19}},"s":{"0":1,"1":1,"2":28,"3":9,"4":19,"5":19,"6":67,"7":67},"f":{"0":28,"1":67},"b":{"0":[9,19],"1":[67,67]},"meta":{"lastBranch":2,"lastFunction":2,"lastStatement":8,"seen":{"s:1:19:5:1":0,"s:12:26:21:1":1,"f:12:26:12:27":0,"b:13:2:13:Infinity:undefined:undefined:undefined:undefined":0,"s:13:2:13:Infinity":2,"s:13:37:13:Infinity":3,"s:16:17:16:30":4,"s:17:2:20:Infinity":5,"f:17:22:17:27":1,"s:18:16:18:35":6,"s:19:4:19:Infinity":7,"b:19:11:19:41:19:45:19:75":1}}}
}
